<?xml version="1.0" encoding="UTF-8" ?>
<testsuite tests="15" failures="0" name="trabajo_teorico_iso.AppTest" time="0.142" errors="0" skipped="0">
  <properties>
    <property name="java.runtime.name" value="OpenJDK Runtime Environment"/>
    <property name="java.vm.version" value="21+35"/>
    <property name="sun.boot.library.path" value="/usr/lib/jvm/java-21-openjdk/lib"/>
    <property name="maven.multiModuleProjectDirectory" value="/home/Luis/Documents/Git-Repositories/ISO2-2023-BC01-Testing-P1/trabajo_teorico_iso"/>
    <property name="java.vm.vendor" value="Oracle Corporation"/>
    <property name="java.vendor.url" value="https://openjdk.org/"/>
    <property name="guice.disable.misplaced.annotation.check" value="true"/>
    <property name="path.separator" value=":"/>
    <property name="java.vm.name" value="OpenJDK 64-Bit Server VM"/>
    <property name="user.country" value="ES"/>
    <property name="sun.java.launcher" value="SUN_STANDARD"/>
    <property name="java.vm.specification.name" value="Java Virtual Machine Specification"/>
    <property name="user.dir" value="/home/Luis/Documents/Git-Repositories/ISO2-2023-BC01-Testing-P1/trabajo_teorico_iso"/>
    <property name="java.vm.compressedOopsMode" value="32-bit"/>
    <property name="java.runtime.version" value="21+35"/>
    <property name="os.arch" value="amd64"/>
    <property name="java.io.tmpdir" value="/tmp"/>
    <property name="line.separator" value="
"/>
    <property name="java.vm.specification.vendor" value="Oracle Corporation"/>
    <property name="stderr.encoding" value="UTF-8"/>
    <property name="os.name" value="Linux"/>
    <property name="classworlds.conf" value="/opt/maven/bin/m2.conf"/>
    <property name="sun.jnu.encoding" value="UTF-8"/>
    <property name="stdout.encoding" value="UTF-8"/>
    <property name="java.library.path" value="/home/Luis/intel/oneapi/tbb/2021.10.0/env/../lib/intel64/gcc4.8:/home/Luis/intel/oneapi/mpi/2021.10.0//libfabric/lib:/home/Luis/intel/oneapi/mpi/2021.10.0//lib/release:/home/Luis/intel/oneapi/mpi/2021.10.0//lib:/home/Luis/intel/oneapi/itac/2021.10.0/slib:/home/Luis/intel/oneapi/ipp/2021.9.0/lib/intel64:/home/Luis/intel/oneapi/ippcp/2021.8.0/lib/intel64:/home/Luis/intel/oneapi/ipp/2021.9.0/lib/intel64:/home/Luis/intel/oneapi/debugger/2023.2.0/gdb/intel64/lib:/home/Luis/intel/oneapi/debugger/2023.2.0/libipt/intel64/lib:/home/Luis/intel/oneapi/debugger/2023.2.0/dep/lib:/home/Luis/intel/oneapi/compiler/2023.2.0/linux/lib:/home/Luis/intel/oneapi/compiler/2023.2.0/linux/lib/x64:/home/Luis/intel/oneapi/compiler/2023.2.0/linux/lib/oclfpga/host/linux64/lib:/home/Luis/intel/oneapi/compiler/2023.2.0/linux/compiler/lib/intel64_lin:/home/Luis/intel/oneapi/ccl/2021.10.0/lib/cpu_gpu_dpcpp:/home/Luis/intel/oneapi/compiler/2023.2.0/linux/compiler/lib/intel64_lin:/home/Luis/intel/oneapi/ccl/2021.10.0/lib/cpu_gpu_dpcpp:/usr/java/packages/lib:/usr/lib64:/lib64:/lib:/usr/lib"/>
    <property name="maven.conf" value="/opt/maven/conf"/>
    <property name="jdk.debug" value="release"/>
    <property name="java.class.version" value="65.0"/>
    <property name="java.specification.name" value="Java Platform API Specification"/>
    <property name="sun.management.compiler" value="HotSpot 64-Bit Tiered Compilers"/>
    <property name="os.version" value="6.6.7-arch1-1"/>
    <property name="library.jansi.path" value="/opt/maven/lib/jansi-native"/>
    <property name="user.home" value="/home/Luis"/>
    <property name="user.timezone" value="Europe/Madrid"/>
    <property name="file.encoding" value="UTF-8"/>
    <property name="java.specification.version" value="21"/>
    <property name="user.name" value="Luis"/>
    <property name="java.class.path" value="/opt/maven/boot/plexus-classworlds-2.6.0.jar"/>
    <property name="java.vm.specification.version" value="21"/>
    <property name="sun.arch.data.model" value="64"/>
    <property name="sun.java.command" value="org.codehaus.plexus.classworlds.launcher.Launcher site:site"/>
    <property name="java.home" value="/usr/lib/jvm/java-21-openjdk"/>
    <property name="user.language" value="es"/>
    <property name="java.specification.vendor" value="Oracle Corporation"/>
    <property name="java.vm.info" value="mixed mode, sharing"/>
    <property name="java.version" value="21"/>
    <property name="native.encoding" value="UTF-8"/>
    <property name="java.vendor" value="N/A"/>
    <property name="maven.home" value="/opt/maven"/>
    <property name="file.separator" value="/"/>
    <property name="java.version.date" value="2023-09-19"/>
    <property name="java.vendor.url.bug" value="https://bugreport.java.com/bugreport/"/>
    <property name="sun.io.unicode.encoding" value="UnicodeLittle"/>
    <property name="sun.cpu.endian" value="little"/>
  </properties>
  <testcase classname="trabajo_teorico_iso.AppTest" name="testCP1" time="0.022"/>
  <testcase classname="trabajo_teorico_iso.AppTest" name="testCP2" time="0"/>
  <testcase classname="trabajo_teorico_iso.AppTest" name="testCP3" time="0"/>
  <testcase classname="trabajo_teorico_iso.AppTest" name="test10" time="0.075"/>
  <testcase classname="trabajo_teorico_iso.AppTest" name="test11" time="0"/>
  <testcase classname="trabajo_teorico_iso.AppTest" name="test12" time="0"/>
  <testcase classname="trabajo_teorico_iso.AppTest" name="test13" time="0.009"/>
  <testcase classname="trabajo_teorico_iso.AppTest" name="test14" time="0"/>
  <testcase classname="trabajo_teorico_iso.AppTest" name="test15" time="0.007"/>
  <testcase classname="trabajo_teorico_iso.AppTest" name="test16" time="0.012"/>
  <testcase classname="trabajo_teorico_iso.AppTest" name="test4" time="0"/>
  <testcase classname="trabajo_teorico_iso.AppTest" name="test6" time="0"/>
  <testcase classname="trabajo_teorico_iso.AppTest" name="test7" time="0.005"/>
  <testcase classname="trabajo_teorico_iso.AppTest" name="test8" time="0.012"/>
  <testcase classname="trabajo_teorico_iso.AppTest" name="test9" time="0"/>
</testsuite>